-- Found ament_cmake: 1.3.9 (/opt/ros/humble/share/ament_cmake/cmake)
-- Found rclcpp: 16.0.9 (/opt/ros/humble/share/rclcpp/cmake)
-- Found rosidl_generator_c: 3.1.5 (/opt/ros/humble/share/rosidl_generator_c/cmake)
-- Found rosidl_adapter: 3.1.5 (/opt/ros/humble/share/rosidl_adapter/cmake)
-- Found rosidl_generator_cpp: 3.1.5 (/opt/ros/humble/share/rosidl_generator_cpp/cmake)
-- Using all available rosidl_typesupport_c: rosidl_typesupport_fastrtps_c;rosidl_typesupport_introspection_c
-- Using all available rosidl_typesupport_cpp: rosidl_typesupport_fastrtps_cpp;rosidl_typesupport_introspection_cpp
-- Found rmw_implementation_cmake: 6.1.2 (/opt/ros/humble/share/rmw_implementation_cmake/cmake)
-- Found rmw_fastrtps_cpp: 6.2.6 (/opt/ros/humble/share/rmw_fastrtps_cpp/cmake)
-- Using RMW implementation 'rmw_fastrtps_cpp' as default
-- Found cv_bridge: 3.2.1 (/opt/ros/humble/share/cv_bridge/cmake)
-- Found image_transport: 3.1.9 (/opt/ros/humble/share/image_transport/cmake)
-- Found tf2: 0.25.7 (/opt/ros/humble/share/tf2/cmake)
-- Found yolov8_msgs: 0.0.0 (/home/user/ws/urcell_ws/install/yolov8_msgs/share/yolov8_msgs/cmake)
-- Found rosidl_default_generators: 1.2.0 (/opt/ros/humble/share/rosidl_default_generators/cmake)
-- Found ament_cmake_ros: 0.10.0 (/opt/ros/humble/share/ament_cmake_ros/cmake)
-- Using all available rosidl_typesupport_c: rosidl_typesupport_fastrtps_c;rosidl_typesupport_introspection_c
-- Using all available rosidl_typesupport_cpp: rosidl_typesupport_fastrtps_cpp;rosidl_typesupport_introspection_cpp
-- Found python_cmake_module: 0.10.0 (/opt/ros/humble/share/python_cmake_module/cmake)
-- Using PYTHON_EXECUTABLE: /usr/bin/python3
-- Using PYTHON_INCLUDE_DIRS: /usr/include/python3.10
-- Using PYTHON_LIBRARIES: /usr/lib/x86_64-linux-gnu/libpython3.10.so
-- Found ament_lint_auto: 0.12.11 (/opt/ros/humble/share/ament_lint_auto/cmake)
-- Added test 'cppcheck' to perform static code analysis on C / C++ code
-- Configured cppcheck include dirs: 
-- Configured cppcheck exclude dirs and/or files: 
-- Added test 'lint_cmake' to check CMake code style
-- Added test 'uncrustify' to check C / C++ code style
-- Configured uncrustify additional arguments: 
-- Added test 'xmllint' to check XML markup files
-- Configuring done
-- Generating done
-- Build files have been written to: /home/user/ws/urcell_ws/build/opencv_services
[35m[1mConsolidate compiler generated dependencies of target opencv_services__rosidl_generator_c[0m
[  6%] Built target opencv_services__cpp
[  6%] [32mBuilding CXX object CMakeFiles/opencv_extract_object_positions.dir/src/opencv_extract_object_positions.cpp.o[0m
[ 15%] Built target opencv_services__rosidl_generator_c
[01m[K/home/user/ws/urcell_ws/src/opencv_services/src/opencv_extract_object_positions.cpp:1:10:[m[K [01;31m[Kfatal error: [m[Kros/ros.h: No such file or directory
[ 15%] Built target ament_cmake_python_copy_opencv_services
    1 | #include [01;31m[K"ros/ros.h"[m[K
      |          [01;31m[K^~~~~~~~~~~[m[K
compilation terminated.
[35m[1mConsolidate compiler generated dependencies of target opencv_services__rosidl_typesupport_fastrtps_c[0m
[35m[1mConsolidate compiler generated dependencies of target opencv_services__rosidl_typesupport_introspection_c[0m
[35m[1mConsolidate compiler generated dependencies of target opencv_services__rosidl_typesupport_cpp[0m
[35m[1mConsolidate compiler generated dependencies of target opencv_services__rosidl_typesupport_introspection_cpp[0m
[35m[1mConsolidate compiler generated dependencies of target opencv_services__rosidl_typesupport_fastrtps_cpp[0m
[35m[1mConsolidate compiler generated dependencies of target opencv_services__rosidl_typesupport_c[0m
gmake[2]: *** [CMakeFiles/opencv_extract_object_positions.dir/build.make:76: CMakeFiles/opencv_extract_object_positions.dir/src/opencv_extract_object_positions.cpp.o] Error 1
gmake[1]: *** [CMakeFiles/Makefile2:182: CMakeFiles/opencv_extract_object_positions.dir/all] Error 2
gmake[1]: *** Waiting for unfinished jobs....
[ 24%] Built target opencv_services__rosidl_typesupport_introspection_c
[ 33%] Built target opencv_services__rosidl_typesupport_c
[ 42%] Built target opencv_services__rosidl_typesupport_cpp
[ 51%] Built target opencv_services__rosidl_typesupport_introspection_cpp
[ 60%] Built target opencv_services__rosidl_typesupport_fastrtps_c
[ 69%] Built target opencv_services__rosidl_typesupport_fastrtps_cpp
running egg_info
writing opencv_services.egg-info/PKG-INFO
writing dependency_links to opencv_services.egg-info/dependency_links.txt
writing top-level names to opencv_services.egg-info/top_level.txt
reading manifest file 'opencv_services.egg-info/SOURCES.txt'
writing manifest file 'opencv_services.egg-info/SOURCES.txt'
[ 69%] Built target ament_cmake_python_build_opencv_services_egg
gmake: *** [Makefile:146: all] Error 2
