[0.011s] Invoking command in '/home/user/ws/urcell_ws/build/opencv_services': CMAKE_PREFIX_PATH=/home/user/ws/urcell_ws/install/yolov8_msgs:/home/user/ws/urcell_ws/install/opencv_services:/home/user/ws/urcell_ws/install/yolobot_recognition:/home/user/ws/urcell_ws/install/urcell_sim:/home/user/ws/urcell_ws/install/urcell_moveit_sim:/home/user/ws/urcell_ws/install/urcell_moveit_config:/home/user/ws/urcell_ws/install/urcell_description:/home/user/ws/urcell_ws/install/image_saver_pkg:/opt/ros/humble LD_LIBRARY_PATH=/home/user/ws/urcell_ws/install/yolov8_msgs/lib:/home/user/ws/urcell_ws/install/opencv_services/lib:/usr/lib/x86_64-linux-gnu/gazebo-11/plugins:/opt/ros/humble/opt/rviz_ogre_vendor/lib:/opt/ros/humble/lib/x86_64-linux-gnu:/opt/ros/humble/lib /usr/bin/cmake --build /home/user/ws/urcell_ws/build/opencv_services -- -j8 -l8
[0.032s] -- Found ament_cmake: 1.3.9 (/opt/ros/humble/share/ament_cmake/cmake)
[0.124s] -- Found rclcpp: 16.0.9 (/opt/ros/humble/share/rclcpp/cmake)
[0.144s] -- Found rosidl_generator_c: 3.1.5 (/opt/ros/humble/share/rosidl_generator_c/cmake)
[0.145s] -- Found rosidl_adapter: 3.1.5 (/opt/ros/humble/share/rosidl_adapter/cmake)
[0.150s] -- Found rosidl_generator_cpp: 3.1.5 (/opt/ros/humble/share/rosidl_generator_cpp/cmake)
[0.157s] -- Using all available rosidl_typesupport_c: rosidl_typesupport_fastrtps_c;rosidl_typesupport_introspection_c
[0.168s] -- Using all available rosidl_typesupport_cpp: rosidl_typesupport_fastrtps_cpp;rosidl_typesupport_introspection_cpp
[0.208s] -- Found rmw_implementation_cmake: 6.1.2 (/opt/ros/humble/share/rmw_implementation_cmake/cmake)
[0.209s] -- Found rmw_fastrtps_cpp: 6.2.6 (/opt/ros/humble/share/rmw_fastrtps_cpp/cmake)
[0.296s] -- Using RMW implementation 'rmw_fastrtps_cpp' as default
[0.394s] -- Found cv_bridge: 3.2.1 (/opt/ros/humble/share/cv_bridge/cmake)
[0.481s] -- Found image_transport: 3.1.9 (/opt/ros/humble/share/image_transport/cmake)
[0.503s] -- Found tf2: 0.25.7 (/opt/ros/humble/share/tf2/cmake)
[0.508s] -- Found yolov8_msgs: 0.0.0 (/home/user/ws/urcell_ws/install/yolov8_msgs/share/yolov8_msgs/cmake)
[0.570s] -- Found rosidl_default_generators: 1.2.0 (/opt/ros/humble/share/rosidl_default_generators/cmake)
[0.772s] -- Found ament_cmake_ros: 0.10.0 (/opt/ros/humble/share/ament_cmake_ros/cmake)
[1.099s] -- Using all available rosidl_typesupport_c: rosidl_typesupport_fastrtps_c;rosidl_typesupport_introspection_c
[1.225s] -- Using all available rosidl_typesupport_cpp: rosidl_typesupport_fastrtps_cpp;rosidl_typesupport_introspection_cpp
[1.242s] -- Found python_cmake_module: 0.10.0 (/opt/ros/humble/share/python_cmake_module/cmake)
[1.259s] -- Using PYTHON_EXECUTABLE: /usr/bin/python3
[1.259s] -- Using PYTHON_INCLUDE_DIRS: /usr/include/python3.10
[1.259s] -- Using PYTHON_LIBRARIES: /usr/lib/x86_64-linux-gnu/libpython3.10.so
[1.294s] -- Found ament_lint_auto: 0.12.11 (/opt/ros/humble/share/ament_lint_auto/cmake)
[1.305s] -- Added test 'cppcheck' to perform static code analysis on C / C++ code
[1.305s] -- Configured cppcheck include dirs: 
[1.305s] -- Configured cppcheck exclude dirs and/or files: 
[1.306s] -- Added test 'lint_cmake' to check CMake code style
[1.307s] -- Added test 'uncrustify' to check C / C++ code style
[1.307s] -- Configured uncrustify additional arguments: 
[1.307s] -- Added test 'xmllint' to check XML markup files
[1.308s] -- Configuring done
[1.334s] -- Generating done
[1.336s] -- Build files have been written to: /home/user/ws/urcell_ws/build/opencv_services
[1.356s] [35m[1mConsolidate compiler generated dependencies of target opencv_services__rosidl_generator_c[0m
[1.363s] [  6%] Built target opencv_services__cpp
[1.363s] [  6%] [32mBuilding CXX object CMakeFiles/opencv_extract_object_positions.dir/src/opencv_extract_object_positions.cpp.o[0m
[1.363s] [ 15%] Built target opencv_services__rosidl_generator_c
[1.372s] [01m[K/home/user/ws/urcell_ws/src/opencv_services/src/opencv_extract_object_positions.cpp:1:10:[m[K [01;31m[Kfatal error: [m[Kros/ros.h: No such file or directory
[1.372s] [ 15%] Built target ament_cmake_python_copy_opencv_services
[1.372s]     1 | #include [01;31m[K"ros/ros.h"[m[K
[1.372s]       |          [01;31m[K^~~~~~~~~~~[m[K
[1.372s] compilation terminated.
[1.373s] [35m[1mConsolidate compiler generated dependencies of target opencv_services__rosidl_typesupport_fastrtps_c[0m
[1.373s] [35m[1mConsolidate compiler generated dependencies of target opencv_services__rosidl_typesupport_introspection_c[0m
[1.373s] [35m[1mConsolidate compiler generated dependencies of target opencv_services__rosidl_typesupport_cpp[0m
[1.373s] [35m[1mConsolidate compiler generated dependencies of target opencv_services__rosidl_typesupport_introspection_cpp[0m
[1.373s] [35m[1mConsolidate compiler generated dependencies of target opencv_services__rosidl_typesupport_fastrtps_cpp[0m
[1.374s] [35m[1mConsolidate compiler generated dependencies of target opencv_services__rosidl_typesupport_c[0m
[1.374s] gmake[2]: *** [CMakeFiles/opencv_extract_object_positions.dir/build.make:76: CMakeFiles/opencv_extract_object_positions.dir/src/opencv_extract_object_positions.cpp.o] Error 1
[1.374s] gmake[1]: *** [CMakeFiles/Makefile2:182: CMakeFiles/opencv_extract_object_positions.dir/all] Error 2
[1.374s] gmake[1]: *** Waiting for unfinished jobs....
[1.383s] [ 24%] Built target opencv_services__rosidl_typesupport_introspection_c
[1.384s] [ 33%] Built target opencv_services__rosidl_typesupport_c
[1.385s] [ 42%] Built target opencv_services__rosidl_typesupport_cpp
[1.385s] [ 51%] Built target opencv_services__rosidl_typesupport_introspection_cpp
[1.386s] [ 60%] Built target opencv_services__rosidl_typesupport_fastrtps_c
[1.387s] [ 69%] Built target opencv_services__rosidl_typesupport_fastrtps_cpp
[1.545s] running egg_info
[1.546s] writing opencv_services.egg-info/PKG-INFO
[1.546s] writing dependency_links to opencv_services.egg-info/dependency_links.txt
[1.546s] writing top-level names to opencv_services.egg-info/top_level.txt
[1.548s] reading manifest file 'opencv_services.egg-info/SOURCES.txt'
[1.548s] writing manifest file 'opencv_services.egg-info/SOURCES.txt'
[1.566s] [ 69%] Built target ament_cmake_python_build_opencv_services_egg
[1.567s] gmake: *** [Makefile:146: all] Error 2
[1.568s] Invoked command in '/home/user/ws/urcell_ws/build/opencv_services' returned '2': CMAKE_PREFIX_PATH=/home/user/ws/urcell_ws/install/yolov8_msgs:/home/user/ws/urcell_ws/install/opencv_services:/home/user/ws/urcell_ws/install/yolobot_recognition:/home/user/ws/urcell_ws/install/urcell_sim:/home/user/ws/urcell_ws/install/urcell_moveit_sim:/home/user/ws/urcell_ws/install/urcell_moveit_config:/home/user/ws/urcell_ws/install/urcell_description:/home/user/ws/urcell_ws/install/image_saver_pkg:/opt/ros/humble LD_LIBRARY_PATH=/home/user/ws/urcell_ws/install/yolov8_msgs/lib:/home/user/ws/urcell_ws/install/opencv_services/lib:/usr/lib/x86_64-linux-gnu/gazebo-11/plugins:/opt/ros/humble/opt/rviz_ogre_vendor/lib:/opt/ros/humble/lib/x86_64-linux-gnu:/opt/ros/humble/lib /usr/bin/cmake --build /home/user/ws/urcell_ws/build/opencv_services -- -j8 -l8
