[0.008s] Invoking command in '/home/user/ws/urcell_ws/build/opencv_services': CMAKE_PREFIX_PATH=/home/user/ws/urcell_ws/install/yolov8_msgs:/home/user/ws/urcell_ws/install/opencv_services:/home/user/ws/urcell_ws/install/yolobot_recognition:/home/user/ws/urcell_ws/install/urcell_sim:/home/user/ws/urcell_ws/install/urcell_moveit_sim:/home/user/ws/urcell_ws/install/urcell_moveit_config:/home/user/ws/urcell_ws/install/urcell_description:/home/user/ws/urcell_ws/install/image_saver_pkg:/opt/ros/humble LD_LIBRARY_PATH=/home/user/ws/urcell_ws/install/yolov8_msgs/lib:/home/user/ws/urcell_ws/install/opencv_services/lib:/usr/lib/x86_64-linux-gnu/gazebo-11/plugins:/opt/ros/humble/opt/rviz_ogre_vendor/lib:/opt/ros/humble/lib/x86_64-linux-gnu:/opt/ros/humble/lib /usr/bin/cmake --build /home/user/ws/urcell_ws/build/opencv_services -- -j8 -l8
[0.052s] [  3%] Built target opencv_services__cpp
[0.054s] [ 12%] Built target opencv_services__rosidl_generator_c
[0.056s] [ 15%] [32mBuilding CXX object CMakeFiles/opencv_extract_object_positions.dir/src/opencv_extract_object_positions.cpp.o[0m
[0.078s] [ 15%] Built target ament_cmake_python_copy_opencv_services
[0.083s] [ 24%] Built target opencv_services__rosidl_typesupport_introspection_cpp
[0.084s] [ 33%] Built target opencv_services__rosidl_typesupport_cpp
[0.086s] [ 42%] Built target opencv_services__rosidl_typesupport_fastrtps_c
[0.086s] [ 51%] Built target opencv_services__rosidl_typesupport_c
[0.090s] [ 60%] Built target opencv_services__rosidl_typesupport_introspection_c
[0.091s] [ 69%] Built target opencv_services__rosidl_typesupport_fastrtps_cpp
[0.110s] [ 69%] Built target opencv_services
[0.131s] [ 72%] Built target opencv_services__py
[0.138s] [35m[1mConsolidate compiler generated dependencies of target opencv_services__rosidl_generator_py[0m
[0.148s] [ 78%] Built target opencv_services__rosidl_generator_py
[0.157s] [35m[1mConsolidate compiler generated dependencies of target opencv_services__rosidl_typesupport_c__pyext[0m
[0.158s] [35m[1mConsolidate compiler generated dependencies of target opencv_services__rosidl_typesupport_fastrtps_c__pyext[0m
[0.158s] [35m[1mConsolidate compiler generated dependencies of target opencv_services__rosidl_typesupport_introspection_c__pyext[0m
[0.171s] [ 84%] Built target opencv_services__rosidl_typesupport_c__pyext
[0.172s] [ 90%] Built target opencv_services__rosidl_typesupport_introspection_c__pyext
[0.172s] [ 96%] Built target opencv_services__rosidl_typesupport_fastrtps_c__pyext
[0.279s] running egg_info
[0.280s] writing opencv_services.egg-info/PKG-INFO
[0.280s] writing dependency_links to opencv_services.egg-info/dependency_links.txt
[0.280s] writing top-level names to opencv_services.egg-info/top_level.txt
[0.283s] reading manifest file 'opencv_services.egg-info/SOURCES.txt'
[0.283s] writing manifest file 'opencv_services.egg-info/SOURCES.txt'
[0.302s] [ 96%] Built target ament_cmake_python_build_opencv_services_egg
[1.684s] [01m[K/home/user/ws/urcell_ws/src/opencv_services/src/opencv_extract_object_positions.cpp:5:41:[m[K [01;31m[Kerror: [m[Kâ€˜[01m[Kyolov8_msgs::yolo_inference[m[Kâ€™ has not been declared
[1.685s]     5 | bool yoloInferenceCallback(yolov8_msgs::[01;31m[Kyolo_inference[m[K::Request &req,
[1.685s]       |                                         [01;31m[K^~~~~~~~~~~~~~[m[K
[1.687s] [01m[K/home/user/ws/urcell_ws/src/opencv_services/src/opencv_extract_object_positions.cpp:5:66:[m[K [01;31m[Kerror: [m[Kâ€˜[01m[Kreq[m[Kâ€™ was not declared in this scope
[1.687s]     5 | bool yoloInferenceCallback(yolov8_msgs::yolo_inference::Request &[01;31m[Kreq[m[K,
[1.687s]       |                                                                  [01;31m[K^~~[m[K
[1.687s] [01m[K/home/user/ws/urcell_ws/src/opencv_services/src/opencv_extract_object_positions.cpp:6:41:[m[K [01;31m[Kerror: [m[Kâ€˜[01m[Kyolov8_msgs::yolo_inference[m[Kâ€™ has not been declared
[1.687s]     6 |                            yolov8_msgs::[01;31m[Kyolo_inference[m[K::Response &res) {
[1.687s]       |                                         [01;31m[K^~~~~~~~~~~~~~[m[K
[1.689s] [01m[K/home/user/ws/urcell_ws/src/opencv_services/src/opencv_extract_object_positions.cpp:6:67:[m[K [01;31m[Kerror: [m[Kâ€˜[01m[Kres[m[Kâ€™ was not declared in this scope
[1.689s]     6 |                            yolov8_msgs::yolo_inference::Response &[01;31m[Kres[m[K) {
[1.689s]       |                                                                   [01;31m[K^~~[m[K
[1.689s] [01m[K/home/user/ws/urcell_ws/src/opencv_services/src/opencv_extract_object_positions.cpp:6:70:[m[K [01;31m[Kerror: [m[Kexpression list treated as compound expression in initializer [[01;31m[K]8;;https://gcc.gnu.org/onlinedocs/gcc/Warning-Options.html#index-fpermissive-fpermissive]8;;[m[K]
[1.689s]     6 |                            yolov8_msgs::yolo_inference::Response &res[01;31m[K)[m[K {
[1.689s]       |                                                                      [01;31m[K^[m[K
[1.689s] [01m[K/home/user/ws/urcell_ws/src/opencv_services/src/opencv_extract_object_positions.cpp:[m[K In function â€˜[01m[Kint main(int, char**)[m[Kâ€™:
[1.689s] [01m[K/home/user/ws/urcell_ws/src/opencv_services/src/opencv_extract_object_positions.cpp:18:5:[m[K [01;31m[Kerror: [m[Kâ€˜[01m[Kros[m[Kâ€™ has not been declared
[1.689s]    18 |     [01;31m[Kros[m[K::init(argc, argv, "yolo_inference_forwarder");
[1.689s]       |     [01;31m[K^~~[m[K
[1.689s] [01m[K/home/user/ws/urcell_ws/src/opencv_services/src/opencv_extract_object_positions.cpp:19:5:[m[K [01;31m[Kerror: [m[Kâ€˜[01m[Kros[m[Kâ€™ has not been declared
[1.689s]    19 |     [01;31m[Kros[m[K::NodeHandle n;
[1.689s]       |     [01;31m[K^~~[m[K
[1.689s] [01m[K/home/user/ws/urcell_ws/src/opencv_services/src/opencv_extract_object_positions.cpp:22:5:[m[K [01;31m[Kerror: [m[Kâ€˜[01m[Kros[m[Kâ€™ has not been declared
[1.689s]    22 |     [01;31m[Kros[m[K::ServiceServer service = n.advertiseService("yolo_inference_forward", yoloInferenceCallback);
[1.689s]       |     [01;31m[K^~~[m[K
[1.691s] [01m[K/home/user/ws/urcell_ws/src/opencv_services/src/opencv_extract_object_positions.cpp:23:5:[m[K [01;31m[Kerror: [m[Kâ€˜[01m[KROS_INFO[m[Kâ€™ was not declared in this scope
[1.691s]    23 |     [01;31m[KROS_INFO[m[K("Yolo Inference forwarder ready.");
[1.691s]       |     [01;31m[K^~~~~~~~[m[K
[1.692s] [01m[K/home/user/ws/urcell_ws/src/opencv_services/src/opencv_extract_object_positions.cpp:25:5:[m[K [01;31m[Kerror: [m[Kâ€˜[01m[Kros[m[Kâ€™ has not been declared
[1.692s]    25 |     [01;31m[Kros[m[K::spin();
[1.692s]       |     [01;31m[K^~~[m[K
[1.975s] gmake[2]: *** [CMakeFiles/opencv_extract_object_positions.dir/build.make:76: CMakeFiles/opencv_extract_object_positions.dir/src/opencv_extract_object_positions.cpp.o] Error 1
[1.975s] gmake[1]: *** [CMakeFiles/Makefile2:182: CMakeFiles/opencv_extract_object_positions.dir/all] Error 2
[1.976s] gmake: *** [Makefile:146: all] Error 2
[1.977s] Invoked command in '/home/user/ws/urcell_ws/build/opencv_services' returned '2': CMAKE_PREFIX_PATH=/home/user/ws/urcell_ws/install/yolov8_msgs:/home/user/ws/urcell_ws/install/opencv_services:/home/user/ws/urcell_ws/install/yolobot_recognition:/home/user/ws/urcell_ws/install/urcell_sim:/home/user/ws/urcell_ws/install/urcell_moveit_sim:/home/user/ws/urcell_ws/install/urcell_moveit_config:/home/user/ws/urcell_ws/install/urcell_description:/home/user/ws/urcell_ws/install/image_saver_pkg:/opt/ros/humble LD_LIBRARY_PATH=/home/user/ws/urcell_ws/install/yolov8_msgs/lib:/home/user/ws/urcell_ws/install/opencv_services/lib:/usr/lib/x86_64-linux-gnu/gazebo-11/plugins:/opt/ros/humble/opt/rviz_ogre_vendor/lib:/opt/ros/humble/lib/x86_64-linux-gnu:/opt/ros/humble/lib /usr/bin/cmake --build /home/user/ws/urcell_ws/build/opencv_services -- -j8 -l8
